<?xml version="1.0" encoding="UTF-8"?>
<!-- Generated by org.testng.reporters.JUnitReportReporter -->
<testsuite hostname="CBT-Test" name="com.script.CBTCrowdTest" tests="3" failures="0" timestamp="14 Apr 2016 07:22:34 GMT" time="56.990" errors="0">
  <testcase name="t3" time="25.593" classname="com.script.CBTCrowdTest"/>
  <testcase name="t2" time="15.555" classname="com.script.CBTCrowdTest"/>
  <testcase name="testLogin" time="15.842" classname="com.script.CBTCrowdTest"/>
</testsuite> <!-- com.script.CBTCrowdTest -->
